<?xml version="1.0" encoding="UTF-8" ?>
<testsuite errors="0" failures="0" hostname="Ideabytes-06-PC" name="CQGenerated.CQTestSuite" skipped="0" tests="2" time="17.85" timestamp="2018-09-05T12:38:01">
  <properties>
    <property name="ant.project.invoked-targets" value="run-single-test" />
    <property name="java.runtime.name" value="Java(TM) SE Runtime Environment" />
    <property name="sun.boot.library.path" value="C:\Program Files\Java\jdk1.8.0_172\jre\bin" />
    <property name="java.vm.version" value="25.172-b11" />
    <property name="ant.library.dir" value="C:\Users\Ideabytes-06\Desktop\apache-ant-1.10.5-bin\apache-ant-1.10.5\lib" />
    <property name="ant.version" value="Apache Ant(TM) version 1.10.5 compiled on July 10 2018" />
    <property name="ant.java.version" value="1.8" />
    <property name="java.vm.vendor" value="Oracle Corporation" />
    <property name="java.vendor.url" value="http://java.oracle.com/" />
    <property name="path.separator" value=";" />
    <property name="java.vm.name" value="Java HotSpot(TM) 64-Bit Server VM" />
    <property name="file.encoding.pkg" value="sun.io" />
    <property name="user.script" value="" />
    <property name="user.country" value="US" />
    <property name="sun.java.launcher" value="SUN_STANDARD" />
    <property name="sun.os.patch.level" value="" />
    <property name="java.vm.specification.name" value="Java Virtual Machine Specification" />
    <property name="user.dir" value="C:\Users\Ideabytes-06\eclipse-workspace\ParabankJunit2" />
    <property name="java.runtime.version" value="1.8.0_172-b11" />
    <property name="java.awt.graphicsenv" value="sun.awt.Win32GraphicsEnvironment" />
    <property name="basedir" value="C:\Users\Ideabytes-06\eclipse-workspace\ParabankJunit2\src" />
    <property name="RELEASE_ROOT" value=".." />
    <property name="java.endorsed.dirs" value="C:\Program Files\Java\jdk1.8.0_172\jre\lib\endorsed" />
    <property name="os.arch" value="amd64" />
    <property name="java.io.tmpdir" value="C:\Windows\TEMP\" />
    <property name="ant.core.lib" value="C:\Users\Ideabytes-06\Desktop\apache-ant-1.10.5-bin\apache-ant-1.10.5\lib\ant.jar" />
    <property name="line.separator" value="&#xd;&#xa;" />
    <property name="java.vm.specification.vendor" value="Oracle Corporation" />
    <property name="user.variant" value="" />
    <property name="os.name" value="Windows 7" />
    <property name="ant.home" value="C:\Users\Ideabytes-06\Desktop\apache-ant-1.10.5-bin\apache-ant-1.10.5" />
    <property name="ant.project.name" value="ParabankJunit" />
    <property name="sun.jnu.encoding" value="Cp1252" />
    <property name="java.library.path" value="C:\Program Files\Java\jdk1.8.0_172\bin;C:\Windows\Sun\Java\bin;C:\Windows\system32;C:\Windows;;C:\Users\Ideabytes-06\Desktop\apache-ant-1.10.5-bin\apache-ant-1.10.5\bin;C:\Program Files\Java\jdk1.8.0_172\bin;C:\Program Files\TortoiseSVN\bin;;." />
    <property name="java.specification.name" value="Java Platform API Specification" />
    <property name="java.class.version" value="52.0" />
    <property name="REPORT" value="../report" />
    <property name="sun.management.compiler" value="HotSpot 64-Bit Tiered Compilers" />
    <property name="os.version" value="6.1" />
    <property name="ant.file" value="C:\Users\Ideabytes-06\eclipse-workspace\ParabankJunit2\src\Copyofbuild.xml" />
    <property name="user.home" value="C:\Windows\system32\config\systemprofile" />
    <property name="user.timezone" value="" />
    <property name="java.awt.printerjob" value="sun.awt.windows.WPrinterJob" />
    <property name="java.specification.version" value="1.8" />
    <property name="file.encoding" value="Cp1252" />
    <property name="java.class.path" value="C:\Users\Ideabytes-06\Desktop\apache-ant-1.10.5-bin\apache-ant-1.10.5\lib\ant-launcher.jar;C:\Users\Ideabytes-06\Desktop\apache-ant-1.10.5-bin\apache-ant-1.10.5\lib\ant-antlr.jar;C:\Users\Ideabytes-06\Desktop\apache-ant-1.10.5-bin\apache-ant-1.10.5\lib\ant-apache-bcel.jar;C:\Users\Ideabytes-06\Desktop\apache-ant-1.10.5-bin\apache-ant-1.10.5\lib\ant-apache-bsf.jar;C:\Users\Ideabytes-06\Desktop\apache-ant-1.10.5-bin\apache-ant-1.10.5\lib\ant-apache-log4j.jar;C:\Users\Ideabytes-06\Desktop\apache-ant-1.10.5-bin\apache-ant-1.10.5\lib\ant-apache-oro.jar;C:\Users\Ideabytes-06\Desktop\apache-ant-1.10.5-bin\apache-ant-1.10.5\lib\ant-apache-regexp.jar;C:\Users\Ideabytes-06\Desktop\apache-ant-1.10.5-bin\apache-ant-1.10.5\lib\ant-apache-resolver.jar;C:\Users\Ideabytes-06\Desktop\apache-ant-1.10.5-bin\apache-ant-1.10.5\lib\ant-apache-xalan2.jar;C:\Users\Ideabytes-06\Desktop\apache-ant-1.10.5-bin\apache-ant-1.10.5\lib\ant-commons-logging.jar;C:\Users\Ideabytes-06\Desktop\apache-ant-1.10.5-bin\apache-ant-1.10.5\lib\ant-commons-net.jar;C:\Users\Ideabytes-06\Desktop\apache-ant-1.10.5-bin\apache-ant-1.10.5\lib\ant-jai.jar;C:\Users\Ideabytes-06\Desktop\apache-ant-1.10.5-bin\apache-ant-1.10.5\lib\ant-javamail.jar;C:\Users\Ideabytes-06\Desktop\apache-ant-1.10.5-bin\apache-ant-1.10.5\lib\ant-jdepend.jar;C:\Users\Ideabytes-06\Desktop\apache-ant-1.10.5-bin\apache-ant-1.10.5\lib\ant-jmf.jar;C:\Users\Ideabytes-06\Desktop\apache-ant-1.10.5-bin\apache-ant-1.10.5\lib\ant-jsch.jar;C:\Users\Ideabytes-06\Desktop\apache-ant-1.10.5-bin\apache-ant-1.10.5\lib\ant-junit.jar;C:\Users\Ideabytes-06\Desktop\apache-ant-1.10.5-bin\apache-ant-1.10.5\lib\ant-junit4.jar;C:\Users\Ideabytes-06\Desktop\apache-ant-1.10.5-bin\apache-ant-1.10.5\lib\ant-junitlauncher.jar;C:\Users\Ideabytes-06\Desktop\apache-ant-1.10.5-bin\apache-ant-1.10.5\lib\ant-launcher.jar;C:\Users\Ideabytes-06\Desktop\apache-ant-1.10.5-bin\apache-ant-1.10.5\lib\ant-netrexx.jar;C:\Users\Ideabytes-06\Desktop\apache-ant-1.10.5-bin\apache-ant-1.10.5\lib\ant-swing.jar;C:\Users\Ideabytes-06\Desktop\apache-ant-1.10.5-bin\apache-ant-1.10.5\lib\ant-testutil.jar;C:\Users\Ideabytes-06\Desktop\apache-ant-1.10.5-bin\apache-ant-1.10.5\lib\ant-xz.jar;C:\Users\Ideabytes-06\Desktop\apache-ant-1.10.5-bin\apache-ant-1.10.5\lib\ant.jar;C:\Program Files\Java\jdk1.8.0_172\lib\tools.jar" />
    <property name="user.name" value="IDEABYTES-06-PC$" />
    <property name="ant.file.ParabankJunit" value="C:\Users\Ideabytes-06\eclipse-workspace\ParabankJunit2\src\Copyofbuild.xml" />
    <property name="LIB" value="../lib" />
    <property name="BIN" value="../bin1" />
    <property name="java.vm.specification.version" value="1.8" />
    <property name="java.home" value="C:\Program Files\Java\jdk1.8.0_172\jre" />
    <property name="sun.java.command" value="org.apache.tools.ant.launch.Launcher -buildfile C:\Users\Ideabytes-06\eclipse-workspace\ParabankJunit2\src\Copyofbuild.xml run-single-test" />
    <property name="sun.arch.data.model" value="64" />
    <property name="user.language" value="en" />
    <property name="java.specification.vendor" value="Oracle Corporation" />
    <property name="awt.toolkit" value="sun.awt.windows.WToolkit" />
    <property name="java.vm.info" value="mixed mode" />
    <property name="java.version" value="1.8.0_172" />
    <property name="java.ext.dirs" value="C:\Program Files\Java\jdk1.8.0_172\jre\lib\ext;C:\Windows\Sun\Java\lib\ext" />
    <property name="sun.boot.class.path" value="C:\Program Files\Java\jdk1.8.0_172\jre\lib\resources.jar;C:\Program Files\Java\jdk1.8.0_172\jre\lib\rt.jar;C:\Program Files\Java\jdk1.8.0_172\jre\lib\sunrsasign.jar;C:\Program Files\Java\jdk1.8.0_172\jre\lib\jsse.jar;C:\Program Files\Java\jdk1.8.0_172\jre\lib\jce.jar;C:\Program Files\Java\jdk1.8.0_172\jre\lib\charsets.jar;C:\Program Files\Java\jdk1.8.0_172\jre\lib\jfr.jar;C:\Program Files\Java\jdk1.8.0_172\jre\classes" />
    <property name="java.vendor" value="Oracle Corporation" />
    <property name="ant.file.type.ParabankJunit" value="file" />
    <property name="file.separator" value="\" />
    <property name="java.vendor.url.bug" value="http://bugreport.sun.com/bugreport/" />
    <property name="sun.io.unicode.encoding" value="UnicodeLittle" />
    <property name="sun.cpu.endian" value="little" />
    <property name="SRC" value="../src" />
    <property name="ant.file.type" value="file" />
    <property name="sun.desktop" value="windows" />
    <property name="sun.cpu.isalist" value="amd64" />
  </properties>
  <testcase classname="CQGenerated.testsuite.TestCase1" name="test" time="8.905" />
  <testcase classname="CQGenerated.testsuite.TestCase7" name="test" time="8.915" />
  <system-out><![CDATA[dfcbgkj
Setup: Invalid Login when user enters username which does not exist
Executing test step 1
URL : http://parabank2.parasoft.com/parabank/index.htm
Executing test step 2
Executing test step 3
Executing test step 4
Executing test step 5
TearDown: Invalid Login when user enters username which does not exist
Setup: Forgot Password
Executing test step 1
URL : http://parabank2.parasoft.com/parabank/index.htm
Executing test step 2
Executing test step 3
Executing test step 4
Executing test step 5
Executing test step 6
Executing test step 7
Executing test step 8
TearDown: Forgot Password
]]></system-out>
  <system-err><![CDATA[Starting ChromeDriver 2.36.540470 (e522d04694c7ebea4ba8821272dbef4f9b818c91) on port 39194
Only local connections are allowed.
Starting ChromeDriver 2.36.540470 (e522d04694c7ebea4ba8821272dbef4f9b818c91) on port 18346
Only local connections are allowed.
]]></system-err>
</testsuite>
